<?xml version="1.0" encoding="UTF-8" ?>
<testsuites>
  <testsuite errors="0" failures="0" hostname="PuzzleITC-PabloHess" id="0" name="EmailTests" package="ch.ping.scrumboard" tests="6" time="0.091" timestamp="2010-02-28T12:32:29">
      <properties />

      <testcase classname="ch.ping.scrumboard.EmailTests" name="testNullAsEmail" time="0.021" />

      <testcase classname="ch.ping.scrumboard.EmailTests" name="testCorrectEmail" time="0.037" />

      <testcase classname="ch.ping.scrumboard.EmailTests" name="testIncorrectEmailMissingAt" time="0.0080" />

      <testcase classname="ch.ping.scrumboard.EmailTests" name="testIncorrectEmailMissingDomain" time="0.0090" />

      <testcase classname="ch.ping.scrumboard.EmailTests" name="testIncorrectEmailMissingName" time="0.0080" />

      <testcase classname="ch.ping.scrumboard.EmailTests" name="testIncorrectEmailWithWhitespace" time="0.0080" />

      <system-out><![CDATA[--Output from testNullAsEmail--
--Output from testCorrectEmail--
--Output from testIncorrectEmailMissingAt--
--Output from testIncorrectEmailMissingDomain--
--Output from testIncorrectEmailMissingName--
--Output from testIncorrectEmailWithWhitespace--
]]></system-out>

      <system-err><![CDATA[--Output from testNullAsEmail--
--Output from testCorrectEmail--
--Output from testIncorrectEmailMissingAt--
--Output from testIncorrectEmailMissingDomain--
--Output from testIncorrectEmailMissingName--
--Output from testIncorrectEmailWithWhitespace--
]]></system-err>

  </testsuite>
  <testsuite errors="0" failures="0" hostname="PuzzleITC-PabloHess" id="1" name="TaskTests" package="ch.ping.scrumboard" tests="1" time="0.099" timestamp="2010-02-28T12:32:29">
      <properties />

      <testcase classname="ch.ping.scrumboard.TaskTests" name="testSomething" time="0.098" />

      <system-out><![CDATA[--Output from testSomething--
]]></system-out>

      <system-err><![CDATA[--Output from testSomething--
]]></system-err>

  </testsuite>
  <testsuite errors="0" failures="0" hostname="PuzzleITC-PabloHess" id="2" name="UrlTests" package="ch.ping.scrumboard" tests="6" time="0.356" timestamp="2010-02-28T12:32:29">
      <properties />

      <testcase classname="ch.ping.scrumboard.UrlTests" name="testNullAsUrl" time="0.31" />

      <testcase classname="ch.ping.scrumboard.UrlTests" name="testCorrectUrlHttp" time="0.015" />

      <testcase classname="ch.ping.scrumboard.UrlTests" name="testInCorrectUrlMissingDomain" time="0.0080" />

      <testcase classname="ch.ping.scrumboard.UrlTests" name="testCorrectUrlHttps" time="0.0070" />

      <testcase classname="ch.ping.scrumboard.UrlTests" name="testInCorrectUrlMissingProtocol" time="0.0060" />

      <testcase classname="ch.ping.scrumboard.UrlTests" name="testInCorrectUrlWithWhitespace" time="0.0060" />

      <system-out><![CDATA[--Output from testNullAsUrl--
--Output from testCorrectUrlHttp--
--Output from testInCorrectUrlMissingDomain--
--Output from testCorrectUrlHttps--
--Output from testInCorrectUrlMissingProtocol--
--Output from testInCorrectUrlWithWhitespace--
]]></system-out>

      <system-err><![CDATA[--Output from testNullAsUrl--
--Output from testCorrectUrlHttp--
--Output from testInCorrectUrlMissingDomain--
--Output from testCorrectUrlHttps--
--Output from testInCorrectUrlMissingProtocol--
--Output from testInCorrectUrlWithWhitespace--
]]></system-err>

  </testsuite>
</testsuites>
